2018-12-21 12:02:32.906  INFO 1948 --- [main] com.example.demo.DemoApplication         : Starting DemoApplication on QF-zhaoxueqian with PID 1948 (E:\e438r\qweb\target\classes started by xueqian.zhao in E:\e438r\qweb)
2018-12-21 12:02:32.931  INFO 1948 --- [main] com.example.demo.DemoApplication         : No active profile set, falling back to default profiles: default
2018-12-21 12:02:33.354  INFO 1948 --- [main] ConfigServletWebServerApplicationContext : Refreshing org.springframework.boot.web.servlet.context.AnnotationConfigServletWebServerApplicationContext@5bf0fe62: startup date [Fri Dec 21 12:02:33 CST 2018]; root of context hierarchy
2018-12-21 12:02:36.012  INFO 1948 --- [main] trationDelegate$BeanPostProcessorChecker : Bean 'org.springframework.amqp.rabbit.annotation.RabbitBootstrapConfiguration' of type [org.springframework.amqp.rabbit.annotation.RabbitBootstrapConfiguration$$EnhancerBySpringCGLIB$$9fcf6190] is not eligible for getting processed by all BeanPostProcessors (for example: not eligible for auto-proxying)
2018-12-21 12:02:38.059  INFO 1948 --- [main] o.s.b.w.embedded.tomcat.TomcatWebServer  : Tomcat initialized with port(s): 8080 (http)
2018-12-21 12:02:38.335  INFO 1948 --- [main] o.apache.catalina.core.StandardService   : Starting service [Tomcat]
2018-12-21 12:02:38.336  INFO 1948 --- [main] org.apache.catalina.core.StandardEngine  : Starting Servlet Engine: Apache Tomcat/8.5.32
2018-12-21 12:02:38.360  INFO 1948 --- [localhost-startStop-1] o.a.catalina.core.AprLifecycleListener   : Loaded APR based Apache Tomcat Native library [1.2.16] using APR version [1.6.3].
2018-12-21 12:02:38.361  INFO 1948 --- [localhost-startStop-1] o.a.catalina.core.AprLifecycleListener   : APR capabilities: IPv6 [true], sendfile [true], accept filters [false], random [true].
2018-12-21 12:02:38.361  INFO 1948 --- [localhost-startStop-1] o.a.catalina.core.AprLifecycleListener   : APR/OpenSSL configuration: useAprConnector [false], useOpenSSL [true]
2018-12-21 12:02:39.507  INFO 1948 --- [localhost-startStop-1] o.a.catalina.core.AprLifecycleListener   : OpenSSL successfully initialized [OpenSSL 1.0.2m  2 Nov 2017]
2018-12-21 12:02:39.975  INFO 1948 --- [localhost-startStop-1] o.a.c.c.C.[Tomcat].[localhost].[/]       : Initializing Spring embedded WebApplicationContext
2018-12-21 12:02:39.976  INFO 1948 --- [localhost-startStop-1] o.s.web.context.ContextLoader            : Root WebApplicationContext: initialization completed in 6622 ms
2018-12-21 12:02:40.161  INFO 1948 --- [localhost-startStop-1] o.s.b.w.servlet.ServletRegistrationBean  : Servlet dispatcherServlet mapped to [/]
2018-12-21 12:02:40.167  INFO 1948 --- [localhost-startStop-1] o.s.b.w.servlet.FilterRegistrationBean   : Mapping filter: 'characterEncodingFilter' to: [/*]
2018-12-21 12:02:40.168  INFO 1948 --- [localhost-startStop-1] o.s.b.w.servlet.FilterRegistrationBean   : Mapping filter: 'hiddenHttpMethodFilter' to: [/*]
2018-12-21 12:02:40.168  INFO 1948 --- [localhost-startStop-1] o.s.b.w.servlet.FilterRegistrationBean   : Mapping filter: 'httpPutFormContentFilter' to: [/*]
2018-12-21 12:02:40.168  INFO 1948 --- [localhost-startStop-1] o.s.b.w.servlet.FilterRegistrationBean   : Mapping filter: 'requestContextFilter' to: [/*]
2018-12-21 12:02:42.502  INFO 1948 --- [main] o.s.w.s.handler.SimpleUrlHandlerMapping  : Mapped URL path [/**/favicon.ico] onto handler of type [class org.springframework.web.servlet.resource.ResourceHttpRequestHandler]
2018-12-21 12:02:42.907  INFO 1948 --- [main] s.w.s.m.m.a.RequestMappingHandlerAdapter : Looking for @ControllerAdvice: org.springframework.boot.web.servlet.context.AnnotationConfigServletWebServerApplicationContext@5bf0fe62: startup date [Fri Dec 21 12:02:33 CST 2018]; root of context hierarchy
2018-12-21 12:02:42.998  INFO 1948 --- [main] s.w.s.m.m.a.RequestMappingHandlerMapping : Mapped "{[/index]}" onto public java.lang.String com.example.controller.MainController.Index(org.springframework.ui.ModelMap)
2018-12-21 12:02:43.002  INFO 1948 --- [main] s.w.s.m.m.a.RequestMappingHandlerMapping : Mapped "{[/subscribe/add]}" onto public java.lang.String com.example.controller.SubscribeController.add(com.example.dto.Subscribe)
2018-12-21 12:02:43.002  INFO 1948 --- [main] s.w.s.m.m.a.RequestMappingHandlerMapping : Mapped "{[/subscribe/update]}" onto public java.lang.String com.example.controller.SubscribeController.update(com.example.dto.Subscribe)
2018-12-21 12:02:43.003  INFO 1948 --- [main] s.w.s.m.m.a.RequestMappingHandlerMapping : Mapped "{[/subscribe/del]}" onto public java.lang.String com.example.controller.SubscribeController.delete(java.lang.Integer)
2018-12-21 12:02:43.003  INFO 1948 --- [main] s.w.s.m.m.a.RequestMappingHandlerMapping : Mapped "{[/subscribe/index]}" onto public java.lang.String com.example.controller.SubscribeController.Index(org.springframework.ui.ModelMap)
2018-12-21 12:02:43.003  INFO 1948 --- [main] s.w.s.m.m.a.RequestMappingHandlerMapping : Mapped "{[/subscribe/get]}" onto public java.lang.String com.example.controller.SubscribeController.subscribe(java.lang.Integer)
2018-12-21 12:02:43.004  INFO 1948 --- [main] s.w.s.m.m.a.RequestMappingHandlerMapping : Mapped "{[/subscribe/list]}" onto public java.lang.String com.example.controller.SubscribeController.subscribeList(com.example.dto.Subscribe)
2018-12-21 12:02:43.006  INFO 1948 --- [main] s.w.s.m.m.a.RequestMappingHandlerMapping : Mapped "{[/user/add]}" onto public java.lang.String com.example.controller.UserController.add(com.example.dto.User)
2018-12-21 12:02:43.007  INFO 1948 --- [main] s.w.s.m.m.a.RequestMappingHandlerMapping : Mapped "{[/user/update]}" onto public java.lang.String com.example.controller.UserController.update(com.example.dto.User)
2018-12-21 12:02:43.009  INFO 1948 --- [main] s.w.s.m.m.a.RequestMappingHandlerMapping : Mapped "{[/user/del]}" onto public java.lang.String com.example.controller.UserController.delete(java.lang.Integer)
2018-12-21 12:02:43.009  INFO 1948 --- [main] s.w.s.m.m.a.RequestMappingHandlerMapping : Mapped "{[/user/get]}" onto public java.lang.String com.example.controller.UserController.user(java.lang.Integer)
2018-12-21 12:02:43.010  INFO 1948 --- [main] s.w.s.m.m.a.RequestMappingHandlerMapping : Mapped "{[/user/list]}" onto public java.lang.String com.example.controller.UserController.userList(com.example.dto.User)
2018-12-21 12:02:43.011  INFO 1948 --- [main] s.w.s.m.m.a.RequestMappingHandlerMapping : Mapped "{[/user/index]}" onto public java.lang.String com.example.controller.UserController.Index(org.springframework.ui.ModelMap)
2018-12-21 12:02:43.014  INFO 1948 --- [main] s.w.s.m.m.a.RequestMappingHandlerMapping : Mapped "{[/error]}" onto public org.springframework.http.ResponseEntity<java.util.Map<java.lang.String, java.lang.Object>> org.springframework.boot.autoconfigure.web.servlet.error.BasicErrorController.error(javax.servlet.http.HttpServletRequest)
2018-12-21 12:02:43.015  INFO 1948 --- [main] s.w.s.m.m.a.RequestMappingHandlerMapping : Mapped "{[/error],produces=[text/html]}" onto public org.springframework.web.servlet.ModelAndView org.springframework.boot.autoconfigure.web.servlet.error.BasicErrorController.errorHtml(javax.servlet.http.HttpServletRequest,javax.servlet.http.HttpServletResponse)
2018-12-21 12:02:43.073  INFO 1948 --- [main] o.s.w.s.handler.SimpleUrlHandlerMapping  : Mapped URL path [/webjars/**] onto handler of type [class org.springframework.web.servlet.resource.ResourceHttpRequestHandler]
2018-12-21 12:02:43.073  INFO 1948 --- [main] o.s.w.s.handler.SimpleUrlHandlerMapping  : Mapped URL path [/**] onto handler of type [class org.springframework.web.servlet.resource.ResourceHttpRequestHandler]
2018-12-21 12:02:44.189  INFO 1948 --- [main] o.s.w.s.v.f.FreeMarkerConfigurer         : ClassTemplateLoader for Spring macros added to FreeMarker configuration
2018-12-21 12:02:44.747  INFO 1948 --- [main] o.s.j.e.a.AnnotationMBeanExporter        : Registering beans for JMX exposure on startup
2018-12-21 12:02:44.749  INFO 1948 --- [main] o.s.j.e.a.AnnotationMBeanExporter        : Bean with name 'dataSource' has been autodetected for JMX exposure
2018-12-21 12:02:44.760  INFO 1948 --- [main] o.s.j.e.a.AnnotationMBeanExporter        : Bean with name 'rabbitConnectionFactory' has been autodetected for JMX exposure
2018-12-21 12:02:44.765  INFO 1948 --- [main] o.s.j.e.a.AnnotationMBeanExporter        : Located MBean 'dataSource': registering with JMX server as MBean [com.alibaba.druid.pool:name=dataSource,type=DruidDataSource]
2018-12-21 12:02:44.793  INFO 1948 --- [main] o.s.j.e.a.AnnotationMBeanExporter        : Located managed bean 'rabbitConnectionFactory': registering with JMX server as MBean [org.springframework.amqp.rabbit.connection:name=rabbitConnectionFactory,type=CachingConnectionFactory]
2018-12-21 12:02:44.861  INFO 1948 --- [main] o.s.c.support.DefaultLifecycleProcessor  : Starting beans in phase 2147483647
2018-12-21 12:02:44.991  INFO 1948 --- [main] o.s.b.w.embedded.tomcat.TomcatWebServer  : Tomcat started on port(s): 8080 (http) with context path ''
2018-12-21 12:02:44.999  INFO 1948 --- [main] com.example.demo.DemoApplication         : Started DemoApplication in 15.232 seconds (JVM running for 22.548)
2018-12-21 12:04:27.075  INFO 1948 --- [http-nio-8080-exec-1] o.a.c.c.C.[Tomcat].[localhost].[/]       : Initializing Spring FrameworkServlet 'dispatcherServlet'
2018-12-21 12:04:27.076  INFO 1948 --- [http-nio-8080-exec-1] o.s.web.servlet.DispatcherServlet        : FrameworkServlet 'dispatcherServlet': initialization started
2018-12-21 12:04:27.108  INFO 1948 --- [http-nio-8080-exec-1] o.s.web.servlet.DispatcherServlet        : FrameworkServlet 'dispatcherServlet': initialization completed in 32 ms
